build/app/intermediates/manifest_merge_blame_file/release/processReleaseMainManifest/manifest-merger-blame-release-report.txt
1<?xml version="1.0" encoding="utf-8"?>
2<manifest xmlns:android="http://schemas.android.com/apk/res/android"
3    package="com.example.taskflow_app"
4    android:versionCode="1"
5    android:versionName="1.0.0" >
6
7    <uses-sdk
8        android:minSdkVersion="21"
9        android:targetSdkVersion="35" />
10    <!--
11         Required to query activities that can process text, see:
12         https://developer.android.com/training/package-visibility and
13         https://developer.android.com/reference/android/content/Intent#ACTION_PROCESS_TEXT.
14
15         In particular, this is used by the Flutter engine in io.flutter.plugin.text.ProcessTextPlugin.
16    -->
17    <queries>
17-->src/main/AndroidManifest.xml:39:5-44:15
18        <intent>
18-->src/main/AndroidManifest.xml:40:9-43:18
19            <action android:name="android.intent.action.PROCESS_TEXT" />
19-->src/main/AndroidManifest.xml:41:13-72
19-->src/main/AndroidManifest.xml:41:21-70
20
21            <data android:mimeType="text/plain" />
21-->src/main/AndroidManifest.xml:42:13-50
21-->src/main/AndroidManifest.xml:42:19-48
22        </intent>
23    </queries>
24
25    <uses-permission android:name="android.permission.VIBRATE" />
25-->[:flutter_local_notifications] AndroidManifest.xml:7:5-66
25-->[:flutter_local_notifications] AndroidManifest.xml:7:22-63
26    <uses-permission android:name="android.permission.POST_NOTIFICATIONS" />
26-->[:flutter_local_notifications] AndroidManifest.xml:8:5-77
26-->[:flutter_local_notifications] AndroidManifest.xml:8:22-74
27
28    <permission
28-->[androidx.core:core:1.13.1] AndroidManifest.xml:22:5-24:47
29        android:name="com.example.taskflow_app.DYNAMIC_RECEIVER_NOT_EXPORTED_PERMISSION"
29-->[androidx.core:core:1.13.1] AndroidManifest.xml:23:9-81
30        android:protectionLevel="signature" />
30-->[androidx.core:core:1.13.1] AndroidManifest.xml:24:9-44
31
32    <uses-permission android:name="com.example.taskflow_app.DYNAMIC_RECEIVER_NOT_EXPORTED_PERMISSION" /> <!-- Permission will be merged into the manifest of the hosting app. -->
32-->[androidx.core:core:1.13.1] AndroidManifest.xml:26:5-97
32-->[androidx.core:core:1.13.1] AndroidManifest.xml:26:22-94
33    <!-- Is required to launch foreground extraction service for targetSdkVersion 28+. -->
34    <uses-permission android:name="android.permission.FOREGROUND_SERVICE" />
34-->[com.google.android.play:core:1.10.3] AndroidManifest.xml:13:5-77
34-->[com.google.android.play:core:1.10.3] AndroidManifest.xml:13:22-74
35
36    <application
37        android:name="android.app.Application"
37-->src/main/AndroidManifest.xml:4:9-42
38        android:appComponentFactory="androidx.core.app.CoreComponentFactory"
38-->[androidx.core:core:1.13.1] AndroidManifest.xml:28:18-86
39        android:extractNativeLibs="true"
40        android:icon="@mipmap/ic_launcher"
40-->src/main/AndroidManifest.xml:5:9-43
41        android:label="taskflow_app" >
41-->src/main/AndroidManifest.xml:3:9-37
42        <activity
42-->src/main/AndroidManifest.xml:6:9-27:20
43            android:name="com.example.taskflow_app.MainActivity"
43-->src/main/AndroidManifest.xml:7:13-41
44            android:configChanges="orientation|keyboardHidden|keyboard|screenSize|smallestScreenSize|locale|layoutDirection|fontScale|screenLayout|density|uiMode"
44-->src/main/AndroidManifest.xml:12:13-163
45            android:exported="true"
45-->src/main/AndroidManifest.xml:8:13-36
46            android:hardwareAccelerated="true"
46-->src/main/AndroidManifest.xml:13:13-47
47            android:launchMode="singleTop"
47-->src/main/AndroidManifest.xml:9:13-43
48            android:taskAffinity=""
48-->src/main/AndroidManifest.xml:10:13-36
49            android:theme="@style/LaunchTheme"
49-->src/main/AndroidManifest.xml:11:13-47
50            android:windowSoftInputMode="adjustResize" >
50-->src/main/AndroidManifest.xml:14:13-55
51
52            <!--
53                 Specifies an Android theme to apply to this Activity as soon as
54                 the Android process has started. This theme is visible to the user
55                 while the Flutter UI initializes. After that, this theme continues
56                 to determine the Window background behind the Flutter UI.
57            -->
58            <meta-data
58-->src/main/AndroidManifest.xml:19:13-22:17
59                android:name="io.flutter.embedding.android.NormalTheme"
59-->src/main/AndroidManifest.xml:20:15-70
60                android:resource="@style/NormalTheme" />
60-->src/main/AndroidManifest.xml:21:15-52
61
62            <intent-filter>
62-->src/main/AndroidManifest.xml:23:13-26:29
63                <action android:name="android.intent.action.MAIN" />
63-->src/main/AndroidManifest.xml:24:17-68
63-->src/main/AndroidManifest.xml:24:25-66
64
65                <category android:name="android.intent.category.LAUNCHER" />
65-->src/main/AndroidManifest.xml:25:17-76
65-->src/main/AndroidManifest.xml:25:27-74
66            </intent-filter>
67        </activity>
68        <!--
69             Don't delete the meta-data below.
70             This is used by the Flutter tool to generate GeneratedPluginRegistrant.java
71        -->
72        <meta-data
72-->src/main/AndroidManifest.xml:30:9-32:33
73            android:name="flutterEmbedding"
73-->src/main/AndroidManifest.xml:31:13-44
74            android:value="2" />
74-->src/main/AndroidManifest.xml:32:13-30
75
76        <uses-library
76-->[androidx.window:window:1.2.0] AndroidManifest.xml:23:9-25:40
77            android:name="androidx.window.extensions"
77-->[androidx.window:window:1.2.0] AndroidManifest.xml:24:13-54
78            android:required="false" />
78-->[androidx.window:window:1.2.0] AndroidManifest.xml:25:13-37
79        <uses-library
79-->[androidx.window:window:1.2.0] AndroidManifest.xml:26:9-28:40
80            android:name="androidx.window.sidecar"
80-->[androidx.window:window:1.2.0] AndroidManifest.xml:27:13-51
81            android:required="false" />
81-->[androidx.window:window:1.2.0] AndroidManifest.xml:28:13-37
82
83        <provider
83-->[androidx.lifecycle:lifecycle-process:2.7.0] AndroidManifest.xml:24:9-32:20
84            android:name="androidx.startup.InitializationProvider"
84-->[androidx.lifecycle:lifecycle-process:2.7.0] AndroidManifest.xml:25:13-67
85            android:authorities="com.example.taskflow_app.androidx-startup"
85-->[androidx.lifecycle:lifecycle-process:2.7.0] AndroidManifest.xml:26:13-68
86            android:exported="false" >
86-->[androidx.lifecycle:lifecycle-process:2.7.0] AndroidManifest.xml:27:13-37
87            <meta-data
87-->[androidx.lifecycle:lifecycle-process:2.7.0] AndroidManifest.xml:29:13-31:52
88                android:name="androidx.lifecycle.ProcessLifecycleInitializer"
88-->[androidx.lifecycle:lifecycle-process:2.7.0] AndroidManifest.xml:30:17-78
89                android:value="androidx.startup" />
89-->[androidx.lifecycle:lifecycle-process:2.7.0] AndroidManifest.xml:31:17-49
90            <meta-data
90-->[androidx.profileinstaller:profileinstaller:1.3.1] AndroidManifest.xml:29:13-31:52
91                android:name="androidx.profileinstaller.ProfileInstallerInitializer"
91-->[androidx.profileinstaller:profileinstaller:1.3.1] AndroidManifest.xml:30:17-85
92                android:value="androidx.startup" />
92-->[androidx.profileinstaller:profileinstaller:1.3.1] AndroidManifest.xml:31:17-49
93        </provider> <!-- The activities will be merged into the manifest of the hosting app. -->
94        <activity
94-->[com.google.android.play:core:1.10.3] AndroidManifest.xml:18:9-24:45
95            android:name="com.google.android.play.core.missingsplits.PlayCoreMissingSplitsActivity"
95-->[com.google.android.play:core:1.10.3] AndroidManifest.xml:19:13-100
96            android:enabled="false"
96-->[com.google.android.play:core:1.10.3] AndroidManifest.xml:20:13-36
97            android:exported="false"
97-->[com.google.android.play:core:1.10.3] AndroidManifest.xml:21:13-37
98            android:launchMode="singleInstance"
98-->[com.google.android.play:core:1.10.3] AndroidManifest.xml:22:13-48
99            android:process=":playcore_missing_splits_activity"
99-->[com.google.android.play:core:1.10.3] AndroidManifest.xml:23:13-64
100            android:stateNotNeeded="true" />
100-->[com.google.android.play:core:1.10.3] AndroidManifest.xml:24:13-42
101        <activity
101-->[com.google.android.play:core:1.10.3] AndroidManifest.xml:25:9-29:65
102            android:name="com.google.android.play.core.common.PlayCoreDialogWrapperActivity"
102-->[com.google.android.play:core:1.10.3] AndroidManifest.xml:26:13-93
103            android:exported="false"
103-->[com.google.android.play:core:1.10.3] AndroidManifest.xml:27:13-37
104            android:stateNotNeeded="true"
104-->[com.google.android.play:core:1.10.3] AndroidManifest.xml:28:13-42
105            android:theme="@style/Theme.PlayCore.Transparent" /> <!-- The services will be merged into the manifest of the hosting app. -->
105-->[com.google.android.play:core:1.10.3] AndroidManifest.xml:29:13-62
106        <service
106-->[com.google.android.play:core:1.10.3] AndroidManifest.xml:32:9-39:19
107            android:name="com.google.android.play.core.assetpacks.AssetPackExtractionService"
107-->[com.google.android.play:core:1.10.3] AndroidManifest.xml:33:13-94
108            android:enabled="false"
108-->[com.google.android.play:core:1.10.3] AndroidManifest.xml:34:13-36
109            android:exported="true" >
109-->[com.google.android.play:core:1.10.3] AndroidManifest.xml:35:13-36
110            <meta-data
110-->[com.google.android.play:core:1.10.3] AndroidManifest.xml:36:13-38:41
111                android:name="com.google.android.play.core.assetpacks.versionCode"
111-->[com.google.android.play:core:1.10.3] AndroidManifest.xml:37:17-83
112                android:value="11003" />
112-->[com.google.android.play:core:1.10.3] AndroidManifest.xml:38:17-38
113        </service>
114        <service
114-->[com.google.android.play:core:1.10.3] AndroidManifest.xml:40:9-43:40
115            android:name="com.google.android.play.core.assetpacks.ExtractionForegroundService"
115-->[com.google.android.play:core:1.10.3] AndroidManifest.xml:41:13-95
116            android:enabled="false"
116-->[com.google.android.play:core:1.10.3] AndroidManifest.xml:42:13-36
117            android:exported="false" />
117-->[com.google.android.play:core:1.10.3] AndroidManifest.xml:43:13-37
118
119        <receiver
119-->[androidx.profileinstaller:profileinstaller:1.3.1] AndroidManifest.xml:34:9-52:20
120            android:name="androidx.profileinstaller.ProfileInstallReceiver"
120-->[androidx.profileinstaller:profileinstaller:1.3.1] AndroidManifest.xml:35:13-76
121            android:directBootAware="false"
121-->[androidx.profileinstaller:profileinstaller:1.3.1] AndroidManifest.xml:36:13-44
122            android:enabled="true"
122-->[androidx.profileinstaller:profileinstaller:1.3.1] AndroidManifest.xml:37:13-35
123            android:exported="true"
123-->[androidx.profileinstaller:profileinstaller:1.3.1] AndroidManifest.xml:38:13-36
124            android:permission="android.permission.DUMP" >
124-->[androidx.profileinstaller:profileinstaller:1.3.1] AndroidManifest.xml:39:13-57
125            <intent-filter>
125-->[androidx.profileinstaller:profileinstaller:1.3.1] AndroidManifest.xml:40:13-42:29
126                <action android:name="androidx.profileinstaller.action.INSTALL_PROFILE" />
126-->[androidx.profileinstaller:profileinstaller:1.3.1] AndroidManifest.xml:41:17-91
126-->[androidx.profileinstaller:profileinstaller:1.3.1] AndroidManifest.xml:41:25-88
127            </intent-filter>
128            <intent-filter>
128-->[androidx.profileinstaller:profileinstaller:1.3.1] AndroidManifest.xml:43:13-45:29
129                <action android:name="androidx.profileinstaller.action.SKIP_FILE" />
129-->[androidx.profileinstaller:profileinstaller:1.3.1] AndroidManifest.xml:44:17-85
129-->[androidx.profileinstaller:profileinstaller:1.3.1] AndroidManifest.xml:44:25-82
130            </intent-filter>
131            <intent-filter>
131-->[androidx.profileinstaller:profileinstaller:1.3.1] AndroidManifest.xml:46:13-48:29
132                <action android:name="androidx.profileinstaller.action.SAVE_PROFILE" />
132-->[androidx.profileinstaller:profileinstaller:1.3.1] AndroidManifest.xml:47:17-88
132-->[androidx.profileinstaller:profileinstaller:1.3.1] AndroidManifest.xml:47:25-85
133            </intent-filter>
134            <intent-filter>
134-->[androidx.profileinstaller:profileinstaller:1.3.1] AndroidManifest.xml:49:13-51:29
135                <action android:name="androidx.profileinstaller.action.BENCHMARK_OPERATION" />
135-->[androidx.profileinstaller:profileinstaller:1.3.1] AndroidManifest.xml:50:17-95
135-->[androidx.profileinstaller:profileinstaller:1.3.1] AndroidManifest.xml:50:25-92
136            </intent-filter>
137        </receiver>
138    </application>
139
140</manifest>